{"failedCount":1,"prefixedPath":"src\/test\/resources\/features\/uisample.feature","packageQualifiedName":"src.test.resources.features.uisample","loopIndex":-1,"relativePath":"src\/test\/resources\/features\/uisample.feature","scenarioResults":[{"sectionIndex":2,"stepResults":[{"result":{"nanos":5377055900,"millis":5377.0559,"status":"passed"},"step":{"background":true,"line":4,"prefix":"Given","index":0,"text":"driver \"https:\/\/demo.nopcommerce.com\/\""},"stepLog":"08:32:13.342 type was null, defaulting to 'chrome'\n"},{"result":{"nanos":74261600,"millis":74.2616,"status":"passed"},"step":{"line":15,"prefix":"When","index":0,"text":"click(\"\/\/a[contains(text(),'Log in')]\")"}},{"result":{"nanos":459941000,"millis":459.941,"status":"passed"},"step":{"line":16,"prefix":"And","index":1,"text":"input(\"#Email\", \"prime123@gmail.com\")"}},{"result":{"nanos":1081527600,"millis":1081.5276,"status":"passed"},"step":{"line":17,"prefix":"*","index":2,"text":"delay(1000).screenshot()"},"embeds":[{"file":"target\\karate-reports\\src.test.resources.features.uisample_3_1656833540261.png","html":"<img src=\"src.test.resources.features.uisample_3_1656833540261.png\"\/>","resourceType":"PNG"}]},{"result":{"nanos":52230800,"millis":52.2308,"status":"passed"},"step":{"line":18,"prefix":"And","index":3,"text":"input(\"#Password\", \"prime123\")"}},{"result":{"nanos":7408000,"millis":7.408,"status":"passed"},"step":{"line":19,"prefix":"And","index":4,"text":"click(\"\/\/button[contains(text(),'Log in')]\")"}},{"result":{"nanos":3287427200,"millis":3287.4272,"status":"passed"},"step":{"line":20,"prefix":"*","index":5,"text":"def actualErrorMessage = text (\"\/html\/body\/div[6]\/div[3]\/div\/div\/div\/div[2]\/div[1]\/div[2]\/form\/div[1]\")"}},{"result":{"nanos":22095700,"errorMessage":"js failed:\n>>>>\n01: karate.log('[print]',\"Error message is : \" actualErrorMessage)\n<<<<\norg.graalvm.polyglot.PolyglotException: SyntaxError: Unnamed:1:43 Expected , but found actualErrorMessage\r\nkarate.log('[print]',\"Error message is : \" actualErrorMessage)\r\n                                           ^\n\n- org.graalvm.polyglot.Context.eval(Context.java:401)\n- com.intuit.karate.graal.JsEngine.evalForValue(JsEngine.java:141)\n- com.intuit.karate.graal.JsEngine.eval(JsEngine.java:137)\n- com.intuit.karate.core.ScenarioEngine.evalJs(ScenarioEngine.java:1344)\n- com.intuit.karate.core.ScenarioEngine.print(ScenarioEngine.java:252)\n- com.intuit.karate.ScenarioActions.print(ScenarioActions.java:308)\n- sun.reflect.NativeMethodAccessorImpl.invoke0(Native Method)\n\nsrc\/test\/resources\/features\/uisample.feature:21","millis":22.0957,"status":"failed"},"step":{"line":21,"prefix":"*","index":6,"text":"print \"Error message is : \" actualErrorMessage"},"stepLog":"08:32:23.633 src\/test\/resources\/features\/uisample.feature:21\n* print \"Error message is : \" actualErrorMessage\njs failed:\n>>>>\n01: karate.log('[print]',\"Error message is : \" actualErrorMessage)\n<<<<\norg.graalvm.polyglot.PolyglotException: SyntaxError: Unnamed:1:43 Expected , but found actualErrorMessage\r\nkarate.log('[print]',\"Error message is : \" actualErrorMessage)\r\n                                           ^\n\n- org.graalvm.polyglot.Context.eval(Context.java:401)\n- com.intuit.karate.graal.JsEngine.evalForValue(JsEngine.java:141)\n- com.intuit.karate.graal.JsEngine.eval(JsEngine.java:137)\n- com.intuit.karate.core.ScenarioEngine.evalJs(ScenarioEngine.java:1344)\n- com.intuit.karate.core.ScenarioEngine.print(ScenarioEngine.java:252)\n- com.intuit.karate.ScenarioActions.print(ScenarioActions.java:308)\n- sun.reflect.NativeMethodAccessorImpl.invoke0(Native Method)\n\nsrc\/test\/resources\/features\/uisample.feature:21\n","embeds":[{"file":"target\\karate-reports\\src.test.resources.features.uisample_3_1656833543714.png","html":"<img src=\"src.test.resources.features.uisample_3_1656833543714.png\"\/>","resourceType":"PNG"}]}],"line":14,"description":"","durationMillis":10361.9478,"failed":true,"error":"js failed:\n>>>>\n01: karate.log('[print]',\"Error message is : \" actualErrorMessage)\n<<<<\norg.graalvm.polyglot.PolyglotException: SyntaxError: Unnamed:1:43 Expected , but found actualErrorMessage\r\nkarate.log('[print]',\"Error message is : \" actualErrorMessage)\r\n                                           ^\n\n- org.graalvm.polyglot.Context.eval(Context.java:401)\n- com.intuit.karate.graal.JsEngine.evalForValue(JsEngine.java:141)\n- com.intuit.karate.graal.JsEngine.eval(JsEngine.java:137)\n- com.intuit.karate.core.ScenarioEngine.evalJs(ScenarioEngine.java:1344)\n- com.intuit.karate.core.ScenarioEngine.print(ScenarioEngine.java:252)\n- com.intuit.karate.ScenarioActions.print(ScenarioActions.java:308)\n- sun.reflect.NativeMethodAccessorImpl.invoke0(Native Method)\n\nsrc\/test\/resources\/features\/uisample.feature:21","executorName":"main","name":"Verify the error message when entering wrong credentials","startTime":1656833533255,"refId":"[3:14]","endTime":1656833543715,"exampleIndex":-1}],"callDepth":0,"name":"To demonstrate the UI Automation using karate","description":"","resultDate":"2022-07-03 08:32:23 AM","durationMillis":10361.9478,"passedCount":0}